Using pre-set license
Built from '2020.3/release' branch; Version is '2020.3.1f1 (77a89f25062f) revision 7841951'; Using compiler version '192528614'; Build Type 'Release'
OS: 'Windows 10 Home; OS build 19043.1288; Version 2009; 64bit' Language: 'en' Physical Memory: 7549 MB
BatchMode: 1, IsHumanControllingUs: 0, StartBugReporterOnCrash: 0, Is64bit: 1, IsPro: 0

 COMMAND LINE ARGUMENTS:
C:\Program Files\Unity\Hub\Editor\2020.3.1f1\Editor\Unity.exe
-adb2
-batchMode
-noUpm
-name
AssetImportWorker0
-projectPath
C:/Users/ranja/Desktop/Games/TDS_WithSprites
-logFile
Logs/AssetImportWorker0.log
-srvPort
63803
Successfully changed project path to: C:/Users/ranja/Desktop/Games/TDS_WithSprites
C:/Users/ranja/Desktop/Games/TDS_WithSprites
Using Asset Import Pipeline V2.
Refreshing native plugins compatible for Editor in 154.26 ms, found 1 plugins.
Preloading 0 native plugins for Editor in 0.00 ms.
Initialize engine version: 2020.3.1f1 (77a89f25062f)
[Subsystems] Discovering subsystems at path C:/Program Files/Unity/Hub/Editor/2020.3.1f1/Editor/Data/Resources/UnitySubsystems
[Subsystems] Discovering subsystems at path C:/Users/ranja/Desktop/Games/TDS_WithSprites/Assets
GfxDevice: creating device client; threaded=0
Direct3D:
    Version:  Direct3D 11.0 [level 11.1]
    Renderer: AMD Radeon(TM) Graphics (ID=0x1636)
    Vendor:   
    VRAM:     3774 MB
    Driver:   27.20.11044.4003
Initialize mono
Mono path[0] = 'C:/Program Files/Unity/Hub/Editor/2020.3.1f1/Editor/Data/Managed'
Mono path[1] = 'C:/Program Files/Unity/Hub/Editor/2020.3.1f1/Editor/Data/MonoBleedingEdge/lib/mono/unityjit'
Mono config path = 'C:/Program Files/Unity/Hub/Editor/2020.3.1f1/Editor/Data/MonoBleedingEdge/etc'
Using monoOptions --debugger-agent=transport=dt_socket,embedding=1,server=y,suspend=n,address=127.0.0.1:56064
Begin MonoManager ReloadAssembly
Registering precompiled unity dll's ...
Register platform support module: C:/Program Files/Unity/Hub/Editor/2020.3.1f1/Editor/Data/PlaybackEngines/WebGLSupport/UnityEditor.WebGL.Extensions.dll
Register platform support module: C:/Program Files/Unity/Hub/Editor/2020.3.1f1/Editor/Data/PlaybackEngines/WindowsStandaloneSupport/UnityEditor.WindowsStandalone.Extensions.dll
Registered in 0.005692 seconds.
Native extension for WindowsStandalone target not found
Native extension for WebGL target not found
Refreshing native plugins compatible for Editor in 157.02 ms, found 1 plugins.
Preloading 0 native plugins for Editor in 0.00 ms.
Invoked RoslynAnalysisRunner static constructor.
RoslynAnalysisRunner will not be running.
RoslynAnalysisRunner has terminated.
Mono: successfully reloaded assembly
- Completed reload, in  5.154 seconds
Platform modules already initialized, skipping
Registering precompiled user dll's ...
Registered in 0.005006 seconds.
Begin MonoManager ReloadAssembly
Native extension for WindowsStandalone target not found
Native extension for WebGL target not found
Refreshing native plugins compatible for Editor in 109.57 ms, found 1 plugins.
Preloading 0 native plugins for Editor in 0.00 ms.
Invoked RoslynAnalysisRunner static constructor.
RoslynAnalysisRunner will not be running.
RoslynAnalysisRunner has terminated.
Mono: successfully reloaded assembly
- Completed reload, in  2.925 seconds
Platform modules already initialized, skipping
========================================================================
Worker process is ready to serve import requests
Launched and connected shader compiler UnityShaderCompiler.exe after 0.08 seconds
Refreshing native plugins compatible for Editor in 1.15 ms, found 1 plugins.
Preloading 0 native plugins for Editor in 0.00 ms.
Unloading 3364 Unused Serialized files (Serialized files now loaded: 0)
System memory in use before: 148.5 MB.
System memory in use after: 148.7 MB.

Unloading 18 unused Assets to reduce memory usage. Loaded Objects now: 3825.
Total: 6.118100 ms (FindLiveObjects: 1.406300 ms CreateObjectMapping: 0.417900 ms MarkObjects: 4.016600 ms  DeleteObjects: 0.273400 ms)

========================================================================
Received Prepare
Refreshing native plugins compatible for Editor in 3.39 ms, found 1 plugins.
Preloading 0 native plugins for Editor in 0.00 ms.
Unloading 8 Unused Serialized files (Serialized files now loaded: 0)
System memory in use before: 78.4 MB.
System memory in use after: 78.6 MB.

Unloading 8 unused Assets to reduce memory usage. Loaded Objects now: 3825.
Total: 6.251400 ms (FindLiveObjects: 0.976600 ms CreateObjectMapping: 0.317900 ms MarkObjects: 4.756000 ms  DeleteObjects: 0.197900 ms)

========================================================================
Received Import Request.
  path: Assets/Prefabs/Enemies/Accessories/PBR_Rock.prefab
  artifactKey: Guid(d7a47159b75a1e8468b8df1c6b30adaa) Importer(815301076,1909f56bfc062723c751e8b465ee728b)
Start importing Assets/Prefabs/Enemies/Accessories/PBR_Rock.prefab using Guid(d7a47159b75a1e8468b8df1c6b30adaa) Importer(815301076,1909f56bfc062723c751e8b465ee728b)  -> (artifact id: '6e5ff3fe4a8b1b4cf14731b576c02b04') in 0.287852 seconds
  Import took 0.298812 seconds .

========================================================================
Received Prepare
Registering precompiled user dll's ...
Registered in 0.003397 seconds.
Begin MonoManager ReloadAssembly
Native extension for WindowsStandalone target not found
Native extension for WebGL target not found
Refreshing native plugins compatible for Editor in 1.09 ms, found 1 plugins.
Preloading 0 native plugins for Editor in 0.00 ms.
Invoked RoslynAnalysisRunner static constructor.
RoslynAnalysisRunner will not be running.
RoslynAnalysisRunner has terminated.
Mono: successfully reloaded assembly
- Completed reload, in  1.962 seconds
Platform modules already initialized, skipping
Refreshing native plugins compatible for Editor in 1.95 ms, found 1 plugins.
Preloading 0 native plugins for Editor in 0.00 ms.
Unloading 3296 Unused Serialized files (Serialized files now loaded: 0)
System memory in use before: 146.5 MB.
System memory in use after: 146.7 MB.

Unloading 10 unused Assets to reduce memory usage. Loaded Objects now: 3836.
Total: 6.578100 ms (FindLiveObjects: 1.564900 ms CreateObjectMapping: 0.404300 ms MarkObjects: 4.411000 ms  DeleteObjects: 0.195300 ms)

========================================================================
Received Prepare
Registering precompiled user dll's ...
Registered in 0.004878 seconds.
Begin MonoManager ReloadAssembly
Native extension for WindowsStandalone target not found
Native extension for WebGL target not found
Refreshing native plugins compatible for Editor in 1.60 ms, found 1 plugins.
Preloading 0 native plugins for Editor in 0.00 ms.
Invoked RoslynAnalysisRunner static constructor.
RoslynAnalysisRunner will not be running.
RoslynAnalysisRunner has terminated.
Mono: successfully reloaded assembly
- Completed reload, in  2.188 seconds
Platform modules already initialized, skipping
Refreshing native plugins compatible for Editor in 1.40 ms, found 1 plugins.
Preloading 0 native plugins for Editor in 0.00 ms.
Unloading 3296 Unused Serialized files (Serialized files now loaded: 0)
System memory in use before: 146.6 MB.
System memory in use after: 146.8 MB.

Unloading 10 unused Assets to reduce memory usage. Loaded Objects now: 3840.
Total: 5.612300 ms (FindLiveObjects: 0.975900 ms CreateObjectMapping: 0.360500 ms MarkObjects: 4.088900 ms  DeleteObjects: 0.184400 ms)

========================================================================
Received Import Request.
  Time since last request: 241.262544 seconds.
  path: Assets/Prefabs/Enemies/Golem_Stone.prefab
  artifactKey: Guid(d94617618abdc674a9cb8f78f0488eef) Importer(815301076,1909f56bfc062723c751e8b465ee728b)
Start importing Assets/Prefabs/Enemies/Golem_Stone.prefab using Guid(d94617618abdc674a9cb8f78f0488eef) Importer(815301076,1909f56bfc062723c751e8b465ee728b)  -> (artifact id: 'b3e7ad0c7a360609f9a8e9004281fe46') in 0.500654 seconds
  Import took 0.528310 seconds .

========================================================================
Received Import Request.
  Time since last request: 348.101605 seconds.
  path: Assets/Sound/SFX/zapsplat_horror_creature_goblin_monster_short_grunt_growl_unhappy_002_71929.mp3
  artifactKey: Guid(4bb84c67ae6d462449dcbf408db831d3) Importer(815301076,1909f56bfc062723c751e8b465ee728b)
Start importing Assets/Sound/SFX/zapsplat_horror_creature_goblin_monster_short_grunt_growl_unhappy_002_71929.mp3 using Guid(4bb84c67ae6d462449dcbf408db831d3) Importer(815301076,1909f56bfc062723c751e8b465ee728b)  -> (artifact id: '8eedaf36ed2eb27b0812f5c43bfb6486') in 0.107292 seconds
  Import took 0.121627 seconds .

========================================================================
Received Import Request.
  Time since last request: 6.461344 seconds.
  path: Assets/Sound/SFX/grunt_dying.mp3
  artifactKey: Guid(4bb84c67ae6d462449dcbf408db831d3) Importer(815301076,1909f56bfc062723c751e8b465ee728b)
Start importing Assets/Sound/SFX/grunt_dying.mp3 using Guid(4bb84c67ae6d462449dcbf408db831d3) Importer(815301076,1909f56bfc062723c751e8b465ee728b)  -> (artifact id: '5e46a82feb9b11b42d55e50f925d22b3') in 0.031315 seconds
  Import took 0.082810 seconds .

========================================================================
Received Prepare
Registering precompiled user dll's ...
Registered in 0.004167 seconds.
Begin MonoManager ReloadAssembly
Native extension for WindowsStandalone target not found
Native extension for WebGL target not found
Refreshing native plugins compatible for Editor in 1.42 ms, found 1 plugins.
Preloading 0 native plugins for Editor in 0.00 ms.
Invoked RoslynAnalysisRunner static constructor.
RoslynAnalysisRunner will not be running.
RoslynAnalysisRunner has terminated.
Mono: successfully reloaded assembly
- Completed reload, in  2.024 seconds
Platform modules already initialized, skipping
Refreshing native plugins compatible for Editor in 1.14 ms, found 1 plugins.
Preloading 0 native plugins for Editor in 0.00 ms.
Unloading 3296 Unused Serialized files (Serialized files now loaded: 0)
System memory in use before: 160.7 MB.
System memory in use after: 160.9 MB.

Unloading 10 unused Assets to reduce memory usage. Loaded Objects now: 3848.
Total: 5.551500 ms (FindLiveObjects: 0.798300 ms CreateObjectMapping: 0.329400 ms MarkObjects: 4.185800 ms  DeleteObjects: 0.234200 ms)

========================================================================
Received Import Request.
  Time since last request: 521.202105 seconds.
  path: Assets/Prefabs/Enemies/Golem_Stone.prefab
  artifactKey: Guid(d94617618abdc674a9cb8f78f0488eef) Importer(815301076,1909f56bfc062723c751e8b465ee728b)
Start importing Assets/Prefabs/Enemies/Golem_Stone.prefab using Guid(d94617618abdc674a9cb8f78f0488eef) Importer(815301076,1909f56bfc062723c751e8b465ee728b)  -> (artifact id: '60042e5a9f78977c35627a7422f7331f') in 0.324882 seconds
  Import took 0.377864 seconds .

========================================================================
Received Import Request.
  Time since last request: 0.028938 seconds.
  path: Assets/Prefabs/Enemies/Golem_Stone.prefab
  artifactKey: Guid(d94617618abdc674a9cb8f78f0488eef) Importer(815301076,1909f56bfc062723c751e8b465ee728b)
Start importing Assets/Prefabs/Enemies/Golem_Stone.prefab using Guid(d94617618abdc674a9cb8f78f0488eef) Importer(815301076,1909f56bfc062723c751e8b465ee728b)  -> (artifact id: '60042e5a9f78977c35627a7422f7331f') in 0.262847 seconds
  Import took 0.286304 seconds .

========================================================================
Received Import Request.
  Time since last request: 0.298798 seconds.
  path: Assets/Prefabs/Enemies/Golem_Stone.prefab
  artifactKey: Guid(d94617618abdc674a9cb8f78f0488eef) Importer(815301076,1909f56bfc062723c751e8b465ee728b)
Start importing Assets/Prefabs/Enemies/Golem_Stone.prefab using Guid(d94617618abdc674a9cb8f78f0488eef) Importer(815301076,1909f56bfc062723c751e8b465ee728b)  -> (artifact id: '2187c50060b140221737110fefc19ce1') in 0.248651 seconds
  Import took 0.302283 seconds .

========================================================================
Received Import Request.
  Time since last request: 9.176087 seconds.
  path: Assets/Prefabs/Enemies/Golem_Stone.prefab
  artifactKey: Guid(d94617618abdc674a9cb8f78f0488eef) Importer(815301076,1909f56bfc062723c751e8b465ee728b)
Start importing Assets/Prefabs/Enemies/Golem_Stone.prefab using Guid(d94617618abdc674a9cb8f78f0488eef) Importer(815301076,1909f56bfc062723c751e8b465ee728b)  -> (artifact id: 'ca0ba473770b3955814c4d6af050b85f') in 0.265821 seconds
  Import took 0.324099 seconds .

========================================================================
Received Import Request.
  Time since last request: 94.981064 seconds.
  path: Assets/Prefabs/Player Stuff/Bullet.prefab
  artifactKey: Guid(45d9c4510b3cf344393c6b8aaa2619c3) Importer(815301076,1909f56bfc062723c751e8b465ee728b)
Start importing Assets/Prefabs/Player Stuff/Bullet.prefab using Guid(45d9c4510b3cf344393c6b8aaa2619c3) Importer(815301076,1909f56bfc062723c751e8b465ee728b)  -> (artifact id: '58cc90d0a36d8c3b9a5d67b61ec47ba4') in 0.118623 seconds
  Import took 0.132876 seconds .

========================================================================
Received Import Request.
  Time since last request: 0.000617 seconds.
  path: Assets/Prefabs/Player Stuff/Necro_Spell_Light.prefab
  artifactKey: Guid(e450879050864254682d1e2452f68be7) Importer(815301076,1909f56bfc062723c751e8b465ee728b)
Start importing Assets/Prefabs/Player Stuff/Necro_Spell_Light.prefab using Guid(e450879050864254682d1e2452f68be7) Importer(815301076,1909f56bfc062723c751e8b465ee728b)  -> (artifact id: 'b58a857b97395207910b5a955f4ac16a') in 0.076900 seconds
  Import took 0.099093 seconds .

========================================================================
Received Import Request.
  Time since last request: 0.000724 seconds.
  path: Assets/Prefabs/Player Stuff/Cleric_Spell_Light Variant.prefab
  artifactKey: Guid(9e8e368e2d6b6c247ad09b3b0ac41721) Importer(815301076,1909f56bfc062723c751e8b465ee728b)
Start importing Assets/Prefabs/Player Stuff/Cleric_Spell_Light Variant.prefab using Guid(9e8e368e2d6b6c247ad09b3b0ac41721) Importer(815301076,1909f56bfc062723c751e8b465ee728b)  -> (artifact id: '4d9e593aca52f17849227326cd1e4082') in 0.088929 seconds
  Import took 0.105023 seconds .

========================================================================
Received Import Request.
  Time since last request: 0.000460 seconds.
  path: Assets/Prefabs/Player Stuff/FlamingFist.prefab
  artifactKey: Guid(40f9cc740e8b18541b3e8f735c4ab8be) Importer(815301076,1909f56bfc062723c751e8b465ee728b)
Start importing Assets/Prefabs/Player Stuff/FlamingFist.prefab using Guid(40f9cc740e8b18541b3e8f735c4ab8be) Importer(815301076,1909f56bfc062723c751e8b465ee728b)  -> (artifact id: 'ae5502b1115320627ff39aefc026a76e') in 0.051596 seconds
  Import took 0.064191 seconds .

========================================================================
Received Import Request.
  Time since last request: 0.000550 seconds.
  path: Assets/Prefabs/Player Stuff/PyromancySpell Variant.prefab
  artifactKey: Guid(7de2bb0c47ece56439c77c35bb32d40e) Importer(815301076,1909f56bfc062723c751e8b465ee728b)
Start importing Assets/Prefabs/Player Stuff/PyromancySpell Variant.prefab using Guid(7de2bb0c47ece56439c77c35bb32d40e) Importer(815301076,1909f56bfc062723c751e8b465ee728b)  -> (artifact id: '111aef2682d1a133c32e2d0a99575704') in 0.044874 seconds
  Import took 0.059644 seconds .

========================================================================
Received Prepare
Registering precompiled user dll's ...
Registered in 0.004803 seconds.
Begin MonoManager ReloadAssembly
Native extension for WindowsStandalone target not found
Native extension for WebGL target not found
Refreshing native plugins compatible for Editor in 1.18 ms, found 1 plugins.
Preloading 0 native plugins for Editor in 0.00 ms.
Invoked RoslynAnalysisRunner static constructor.
RoslynAnalysisRunner will not be running.
RoslynAnalysisRunner has terminated.
Mono: successfully reloaded assembly
- Completed reload, in  1.881 seconds
Platform modules already initialized, skipping
Refreshing native plugins compatible for Editor in 2.44 ms, found 1 plugins.
Preloading 0 native plugins for Editor in 0.00 ms.
Unloading 3296 Unused Serialized files (Serialized files now loaded: 0)
System memory in use before: 160.8 MB.
System memory in use after: 161.0 MB.

Unloading 10 unused Assets to reduce memory usage. Loaded Objects now: 3855.
Total: 7.727100 ms (FindLiveObjects: 1.316500 ms CreateObjectMapping: 0.521000 ms MarkObjects: 5.689600 ms  DeleteObjects: 0.196600 ms)

========================================================================
Received Import Request.
  Time since last request: 353.377617 seconds.
  path: Assets/Prefabs/Characters/Monk 1.prefab
  artifactKey: Guid(93b5c6ed1a630ca40933be4b5f174442) Importer(815301076,1909f56bfc062723c751e8b465ee728b)
Start importing Assets/Prefabs/Characters/Monk 1.prefab using Guid(93b5c6ed1a630ca40933be4b5f174442) Importer(815301076,1909f56bfc062723c751e8b465ee728b)  -> (artifact id: '198ead35bc1a30124a1a3b63e4a4eb4a') in 0.196822 seconds
  Import took 0.209555 seconds .

========================================================================
Received Import Request.
  Time since last request: 3.966377 seconds.
  path: Assets/Prefabs/Characters/Monk.prefab
  artifactKey: Guid(93b5c6ed1a630ca40933be4b5f174442) Importer(815301076,1909f56bfc062723c751e8b465ee728b)
Start importing Assets/Prefabs/Characters/Monk.prefab using Guid(93b5c6ed1a630ca40933be4b5f174442) Importer(815301076,1909f56bfc062723c751e8b465ee728b)  -> (artifact id: '96af6654e0adf44eb7eae32f82639eec') in 0.061226 seconds
  Import took 0.117940 seconds .

========================================================================
Received Import Request.
  Time since last request: 774.233025 seconds.
  path: Assets/Scenes/MineLevel.unity
  artifactKey: Guid(ffd1413d4791c9b4396b061f4d15bc74) Importer(815301076,1909f56bfc062723c751e8b465ee728b)
Start importing Assets/Scenes/MineLevel.unity using Guid(ffd1413d4791c9b4396b061f4d15bc74) Importer(815301076,1909f56bfc062723c751e8b465ee728b)  -> (artifact id: '9fc6001afcb1e221af41a756d7beb021') in 0.018857 seconds
  Import took 0.031149 seconds .

========================================================================
Received Import Request.
  Time since last request: 180.900367 seconds.
  path: Assets/Scenes/MineLevel.unity
  artifactKey: Guid(ffd1413d4791c9b4396b061f4d15bc74) Importer(815301076,1909f56bfc062723c751e8b465ee728b)
Start importing Assets/Scenes/MineLevel.unity using Guid(ffd1413d4791c9b4396b061f4d15bc74) Importer(815301076,1909f56bfc062723c751e8b465ee728b)  -> (artifact id: 'd0f96d0673c931663321faf93a2cedc9') in 0.007993 seconds
  Import took 0.058037 seconds .

========================================================================
Received Prepare
Registering precompiled user dll's ...
Registered in 0.004565 seconds.
Begin MonoManager ReloadAssembly
Native extension for WindowsStandalone target not found
Native extension for WebGL target not found
Refreshing native plugins compatible for Editor in 1.14 ms, found 1 plugins.
Preloading 0 native plugins for Editor in 0.00 ms.
Invoked RoslynAnalysisRunner static constructor.
RoslynAnalysisRunner will not be running.
RoslynAnalysisRunner has terminated.
Mono: successfully reloaded assembly
- Completed reload, in  1.757 seconds
Platform modules already initialized, skipping
Refreshing native plugins compatible for Editor in 1.08 ms, found 1 plugins.
Preloading 0 native plugins for Editor in 0.00 ms.
Unloading 3296 Unused Serialized files (Serialized files now loaded: 0)
System memory in use before: 160.9 MB.
System memory in use after: 161.1 MB.

Unloading 10 unused Assets to reduce memory usage. Loaded Objects now: 3860.
Total: 6.989900 ms (FindLiveObjects: 0.867600 ms CreateObjectMapping: 0.396800 ms MarkObjects: 5.474900 ms  DeleteObjects: 0.247300 ms)

========================================================================
Received Import Request.
  Time since last request: 1839.410710 seconds.
  path: Assets/Scenes/Test.unity
  artifactKey: Guid(9fc0d4010bbf28b4594072e72b8655ab) Importer(815301076,1909f56bfc062723c751e8b465ee728b)
Start importing Assets/Scenes/Test.unity using Guid(9fc0d4010bbf28b4594072e72b8655ab) Importer(815301076,1909f56bfc062723c751e8b465ee728b)  -> (artifact id: 'f7fd5340da3647b02ae324d77eac0976') in 0.036500 seconds
  Import took 0.089172 seconds .

========================================================================
Received Import Request.
  Time since last request: 14.124505 seconds.
  path: Assets/Prefabs/Player Stuff/HUD.prefab
  artifactKey: Guid(87e86c2f6c636d047928c4989a47d1bf) Importer(815301076,1909f56bfc062723c751e8b465ee728b)
Start importing Assets/Prefabs/Player Stuff/HUD.prefab using Guid(87e86c2f6c636d047928c4989a47d1bf) Importer(815301076,1909f56bfc062723c751e8b465ee728b)  -> (artifact id: '40eebf5cb9c71a9d2ec42dfa4d1b607f') in 0.065140 seconds
  Import took 0.118678 seconds .

========================================================================
Received Import Request.
  Time since last request: 23.616424 seconds.
  path: Assets/Prefabs/Player Stuff/Essentials
  artifactKey: Guid(4b456cfad6d90f5498dfce195abcc0aa) Importer(815301076,1909f56bfc062723c751e8b465ee728b)
Start importing Assets/Prefabs/Player Stuff/Essentials using Guid(4b456cfad6d90f5498dfce195abcc0aa) Importer(815301076,1909f56bfc062723c751e8b465ee728b)  -> (artifact id: '1c2a11652e002011ecaf5805f23df03f') in 0.022634 seconds
  Import took 0.073608 seconds .

========================================================================
Received Import Request.
  Time since last request: 18.969172 seconds.
  path: Assets/Scenes/MineLevel.unity
  artifactKey: Guid(ffd1413d4791c9b4396b061f4d15bc74) Importer(815301076,1909f56bfc062723c751e8b465ee728b)
Start importing Assets/Scenes/MineLevel.unity using Guid(ffd1413d4791c9b4396b061f4d15bc74) Importer(815301076,1909f56bfc062723c751e8b465ee728b)  -> (artifact id: 'fb575ac19fd48e07e8ee9d0f45602a4d') in 0.007511 seconds
  Import took 0.055670 seconds .

========================================================================
Received Prepare
Registering precompiled user dll's ...
Registered in 0.004469 seconds.
Begin MonoManager ReloadAssembly
Native extension for WindowsStandalone target not found
Native extension for WebGL target not found
Refreshing native plugins compatible for Editor in 1.11 ms, found 1 plugins.
Preloading 0 native plugins for Editor in 0.00 ms.
Invoked RoslynAnalysisRunner static constructor.
RoslynAnalysisRunner will not be running.
RoslynAnalysisRunner has terminated.
Mono: successfully reloaded assembly
- Completed reload, in  1.978 seconds
Platform modules already initialized, skipping
Refreshing native plugins compatible for Editor in 1.81 ms, found 1 plugins.
Preloading 0 native plugins for Editor in 0.00 ms.
Unloading 3296 Unused Serialized files (Serialized files now loaded: 0)
System memory in use before: 160.9 MB.
System memory in use after: 161.1 MB.

Unloading 10 unused Assets to reduce memory usage. Loaded Objects now: 3864.
Total: 9.381700 ms (FindLiveObjects: 1.436600 ms CreateObjectMapping: 0.540900 ms MarkObjects: 7.037100 ms  DeleteObjects: 0.362900 ms)

========================================================================
Received Prepare
Registering precompiled user dll's ...
Registered in 0.004242 seconds.
Begin MonoManager ReloadAssembly
Native extension for WindowsStandalone target not found
Native extension for WebGL target not found
Refreshing native plugins compatible for Editor in 1.54 ms, found 1 plugins.
Preloading 0 native plugins for Editor in 0.00 ms.
Invoked RoslynAnalysisRunner static constructor.
RoslynAnalysisRunner will not be running.
RoslynAnalysisRunner has terminated.
Mono: successfully reloaded assembly
- Completed reload, in  2.187 seconds
Platform modules already initialized, skipping
Refreshing native plugins compatible for Editor in 2.41 ms, found 1 plugins.
Preloading 0 native plugins for Editor in 0.00 ms.
Unloading 3296 Unused Serialized files (Serialized files now loaded: 0)
System memory in use before: 160.9 MB.
System memory in use after: 161.1 MB.

Unloading 10 unused Assets to reduce memory usage. Loaded Objects now: 3868.
Total: 5.721500 ms (FindLiveObjects: 0.820400 ms CreateObjectMapping: 0.167000 ms MarkObjects: 4.539600 ms  DeleteObjects: 0.192100 ms)

========================================================================
Received Prepare
Registering precompiled user dll's ...
Registered in 0.003660 seconds.
Begin MonoManager ReloadAssembly
Native extension for WindowsStandalone target not found
Native extension for WebGL target not found
Refreshing native plugins compatible for Editor in 1.12 ms, found 1 plugins.
Preloading 0 native plugins for Editor in 0.00 ms.
Invoked RoslynAnalysisRunner static constructor.
RoslynAnalysisRunner will not be running.
RoslynAnalysisRunner has terminated.
Mono: successfully reloaded assembly
- Completed reload, in  1.769 seconds
Platform modules already initialized, skipping
Refreshing native plugins compatible for Editor in 0.87 ms, found 1 plugins.
Preloading 0 native plugins for Editor in 0.00 ms.
Unloading 3296 Unused Serialized files (Serialized files now loaded: 0)
System memory in use before: 160.9 MB.
System memory in use after: 161.1 MB.

Unloading 10 unused Assets to reduce memory usage. Loaded Objects now: 3872.
Total: 4.598700 ms (FindLiveObjects: 0.595500 ms CreateObjectMapping: 0.139300 ms MarkObjects: 3.719600 ms  DeleteObjects: 0.142300 ms)

========================================================================
Received Prepare
Registering precompiled user dll's ...
Registered in 0.004244 seconds.
Begin MonoManager ReloadAssembly
Native extension for WindowsStandalone target not found
Native extension for WebGL target not found
Refreshing native plugins compatible for Editor in 1.11 ms, found 1 plugins.
Preloading 0 native plugins for Editor in 0.00 ms.
Invoked RoslynAnalysisRunner static constructor.
RoslynAnalysisRunner will not be running.
RoslynAnalysisRunner has terminated.
Mono: successfully reloaded assembly
- Completed reload, in  2.119 seconds
Platform modules already initialized, skipping
Refreshing native plugins compatible for Editor in 1.41 ms, found 1 plugins.
Preloading 0 native plugins for Editor in 0.00 ms.
Unloading 3296 Unused Serialized files (Serialized files now loaded: 0)
System memory in use before: 160.9 MB.
System memory in use after: 161.1 MB.

Unloading 10 unused Assets to reduce memory usage. Loaded Objects now: 3876.
Total: 7.076800 ms (FindLiveObjects: 1.009800 ms CreateObjectMapping: 0.434700 ms MarkObjects: 5.353900 ms  DeleteObjects: 0.275100 ms)

========================================================================
Received Import Request.
  Time since last request: 470.142666 seconds.
  path: Assets/Environments/Crystal_Mine/Prefabs/Floor.prefab
  artifactKey: Guid(8e2a80e35db1ddd4090f8cc5ca764511) Importer(815301076,1909f56bfc062723c751e8b465ee728b)
Start importing Assets/Environments/Crystal_Mine/Prefabs/Floor.prefab using Guid(8e2a80e35db1ddd4090f8cc5ca764511) Importer(815301076,1909f56bfc062723c751e8b465ee728b)  -> (artifact id: '243d20f634bc6efbbc76fe6ad4c94007') in 0.157509 seconds
  Import took 0.207203 seconds .

========================================================================
Received Prepare
Registering precompiled user dll's ...
Registered in 0.005636 seconds.
Begin MonoManager ReloadAssembly
Native extension for WindowsStandalone target not found
Native extension for WebGL target not found
Refreshing native plugins compatible for Editor in 1.50 ms, found 1 plugins.
Preloading 0 native plugins for Editor in 0.00 ms.
Invoked RoslynAnalysisRunner static constructor.
RoslynAnalysisRunner will not be running.
RoslynAnalysisRunner has terminated.
Mono: successfully reloaded assembly
- Completed reload, in  2.025 seconds
Platform modules already initialized, skipping
Refreshing native plugins compatible for Editor in 1.08 ms, found 1 plugins.
Preloading 0 native plugins for Editor in 0.00 ms.
Unloading 3296 Unused Serialized files (Serialized files now loaded: 0)
System memory in use before: 161.1 MB.
System memory in use after: 161.3 MB.

Unloading 10 unused Assets to reduce memory usage. Loaded Objects now: 3881.
Total: 10.152800 ms (FindLiveObjects: 2.063200 ms CreateObjectMapping: 0.431300 ms MarkObjects: 7.448400 ms  DeleteObjects: 0.205900 ms)

========================================================================
Received Prepare
Registering precompiled user dll's ...
Registered in 0.002256 seconds.
Begin MonoManager ReloadAssembly
Native extension for WindowsStandalone target not found
Native extension for WebGL target not found
Refreshing native plugins compatible for Editor in 0.90 ms, found 1 plugins.
Preloading 0 native plugins for Editor in 0.00 ms.
Invoked RoslynAnalysisRunner static constructor.
RoslynAnalysisRunner will not be running.
RoslynAnalysisRunner has terminated.
Mono: successfully reloaded assembly
- Completed reload, in  1.033 seconds
Platform modules already initialized, skipping
Refreshing native plugins compatible for Editor in 0.87 ms, found 1 plugins.
Preloading 0 native plugins for Editor in 0.00 ms.
Unloading 3296 Unused Serialized files (Serialized files now loaded: 0)
System memory in use before: 161.1 MB.
System memory in use after: 161.3 MB.

Unloading 10 unused Assets to reduce memory usage. Loaded Objects now: 3885.
Total: 3.753800 ms (FindLiveObjects: 0.668100 ms CreateObjectMapping: 0.273700 ms MarkObjects: 2.665700 ms  DeleteObjects: 0.144500 ms)

========================================================================
Received Import Request.
  Time since last request: 6561.663516 seconds.
  path: Assets/Environments/Crystal_Mine/Prefabs/WoodenBox_Small.prefab
  artifactKey: Guid(5a218251e7d6a604c91ee9fcbf855ed7) Importer(815301076,1909f56bfc062723c751e8b465ee728b)
Start importing Assets/Environments/Crystal_Mine/Prefabs/WoodenBox_Small.prefab using Guid(5a218251e7d6a604c91ee9fcbf855ed7) Importer(815301076,1909f56bfc062723c751e8b465ee728b)  -> (artifact id: '15f6c5af6fc3560c333af6b8859a8cfe') in 0.075746 seconds
  Import took 0.085377 seconds .

========================================================================
Received Import Request.
  Time since last request: 4.473659 seconds.
  path: Assets/Environments/Crystal_Mine/Prefabs/WoodenBox_Small.prefab
  artifactKey: Guid(5a218251e7d6a604c91ee9fcbf855ed7) Importer(815301076,1909f56bfc062723c751e8b465ee728b)
Start importing Assets/Environments/Crystal_Mine/Prefabs/WoodenBox_Small.prefab using Guid(5a218251e7d6a604c91ee9fcbf855ed7) Importer(815301076,1909f56bfc062723c751e8b465ee728b)  -> (artifact id: '022e472215aaf2f8aa5b1f874fb3a1e7') in 0.024237 seconds
  Import took 0.031672 seconds .

========================================================================
Received Prepare
Registering precompiled user dll's ...
Registered in 0.002947 seconds.
Begin MonoManager ReloadAssembly
Native extension for WindowsStandalone target not found
Native extension for WebGL target not found
Refreshing native plugins compatible for Editor in 1.43 ms, found 1 plugins.
Preloading 0 native plugins for Editor in 0.00 ms.
Invoked RoslynAnalysisRunner static constructor.
RoslynAnalysisRunner will not be running.
RoslynAnalysisRunner has terminated.
Mono: successfully reloaded assembly
- Completed reload, in  1.302 seconds
Platform modules already initialized, skipping
Refreshing native plugins compatible for Editor in 0.88 ms, found 1 plugins.
Preloading 0 native plugins for Editor in 0.00 ms.
Unloading 3296 Unused Serialized files (Serialized files now loaded: 0)
System memory in use before: 161.1 MB.
System memory in use after: 161.3 MB.

Unloading 10 unused Assets to reduce memory usage. Loaded Objects now: 3890.
Total: 3.751200 ms (FindLiveObjects: 0.656600 ms CreateObjectMapping: 0.171300 ms MarkObjects: 2.776300 ms  DeleteObjects: 0.144700 ms)

========================================================================
Received Prepare
Registering precompiled user dll's ...
Registered in 0.002376 seconds.
Begin MonoManager ReloadAssembly
Native extension for WindowsStandalone target not found
Native extension for WebGL target not found
Refreshing native plugins compatible for Editor in 0.91 ms, found 1 plugins.
Preloading 0 native plugins for Editor in 0.00 ms.
Invoked RoslynAnalysisRunner static constructor.
RoslynAnalysisRunner will not be running.
RoslynAnalysisRunner has terminated.
Mono: successfully reloaded assembly
- Completed reload, in  1.017 seconds
Platform modules already initialized, skipping
Refreshing native plugins compatible for Editor in 0.87 ms, found 1 plugins.
Preloading 0 native plugins for Editor in 0.00 ms.
Unloading 3296 Unused Serialized files (Serialized files now loaded: 0)
System memory in use before: 161.1 MB.
System memory in use after: 161.3 MB.

Unloading 10 unused Assets to reduce memory usage. Loaded Objects now: 3894.
Total: 3.990200 ms (FindLiveObjects: 0.454500 ms CreateObjectMapping: 0.147400 ms MarkObjects: 3.237300 ms  DeleteObjects: 0.149800 ms)

========================================================================
Received Import Request.
  Time since last request: 3438.035855 seconds.
  path: Assets/Environments/Crystal_Mine/Models/ceilinglp.OBJ
  artifactKey: Guid(2a9efe9b239e97b44ab8e8317d9ba35a) Importer(815301076,1909f56bfc062723c751e8b465ee728b)
Start importing Assets/Environments/Crystal_Mine/Models/ceilinglp.OBJ using Guid(2a9efe9b239e97b44ab8e8317d9ba35a) Importer(815301076,1909f56bfc062723c751e8b465ee728b)  -> (artifact id: '9767bcbfb02c1caea7608b04ba3a3633') in 0.147638 seconds
  Import took 0.155633 seconds .

========================================================================
Received Import Request.
  Time since last request: 0.000382 seconds.
  path: Assets/Environments/Crystal_Mine/Models/floorlp 1.OBJ
  artifactKey: Guid(904ecc4732714e54e9c6db12b0e9cef7) Importer(815301076,1909f56bfc062723c751e8b465ee728b)
Start importing Assets/Environments/Crystal_Mine/Models/floorlp 1.OBJ using Guid(904ecc4732714e54e9c6db12b0e9cef7) Importer(815301076,1909f56bfc062723c751e8b465ee728b)  -> (artifact id: '104a6822526c60866b15742cc44cfada') in 0.037885 seconds
  Import took 0.045183 seconds .

========================================================================
Received Import Request.
  Time since last request: 0.000247 seconds.
  path: Assets/Environments/Crystal_Mine/Models/WoodenBox_1.obj
  artifactKey: Guid(95123efc7ad69b842bd9257e9aa3d343) Importer(815301076,1909f56bfc062723c751e8b465ee728b)
Start importing Assets/Environments/Crystal_Mine/Models/WoodenBox_1.obj using Guid(95123efc7ad69b842bd9257e9aa3d343) Importer(815301076,1909f56bfc062723c751e8b465ee728b)  -> (artifact id: '7aece439cd6ced65d39883cdcba636e1') in 0.041965 seconds
  Import took 0.049120 seconds .

========================================================================
Received Import Request.
  Time since last request: 0.000219 seconds.
  path: Assets/Environments/Crystal_Mine/Models/DoubleWall_Coll.obj
  artifactKey: Guid(30f92dd4b4e499c47b3561962bda970f) Importer(815301076,1909f56bfc062723c751e8b465ee728b)
Start importing Assets/Environments/Crystal_Mine/Models/DoubleWall_Coll.obj using Guid(30f92dd4b4e499c47b3561962bda970f) Importer(815301076,1909f56bfc062723c751e8b465ee728b)  -> (artifact id: '29ba18a897a16486b8415bfc89598112') in 0.039475 seconds
  Import took 0.045804 seconds .

========================================================================
Received Import Request.
  Time since last request: 0.000323 seconds.
  path: Assets/Environments/Crystal_Mine/Models/LaternGlass.obj
  artifactKey: Guid(37fae844385794f448f54dbacff9f905) Importer(815301076,1909f56bfc062723c751e8b465ee728b)
Start importing Assets/Environments/Crystal_Mine/Models/LaternGlass.obj using Guid(37fae844385794f448f54dbacff9f905) Importer(815301076,1909f56bfc062723c751e8b465ee728b)  -> (artifact id: '7384a1ebd8e080c8108a000d87e65e5d') in 0.040791 seconds
  Import took 0.048008 seconds .

========================================================================
Received Import Request.
  Time since last request: 0.000320 seconds.
  path: Assets/Environments/Crystal_Mine/Models/Minecart_Top.obj
  artifactKey: Guid(354d72d93c91a4c4485cb78f80a9bb5b) Importer(815301076,1909f56bfc062723c751e8b465ee728b)
Start importing Assets/Environments/Crystal_Mine/Models/Minecart_Top.obj using Guid(354d72d93c91a4c4485cb78f80a9bb5b) Importer(815301076,1909f56bfc062723c751e8b465ee728b)  -> (artifact id: 'fadae0e267a1798615dafd7895c381c1') in 0.038506 seconds
  Import took 0.046047 seconds .

========================================================================
Received Import Request.
  Time since last request: 0.000364 seconds.
  path: Assets/Environments/Crystal_Mine/Models/MineCartBottem.obj
  artifactKey: Guid(1d6a770d2165aa74f876a1974444f72a) Importer(815301076,1909f56bfc062723c751e8b465ee728b)
Start importing Assets/Environments/Crystal_Mine/Models/MineCartBottem.obj using Guid(1d6a770d2165aa74f876a1974444f72a) Importer(815301076,1909f56bfc062723c751e8b465ee728b)  -> (artifact id: '1ed178b53af60da64c8eec08d476bfb6') in 0.040444 seconds
  Import took 0.047070 seconds .

========================================================================
Received Import Request.
  Time since last request: 0.000309 seconds.
  path: Assets/Environments/Crystal_Mine/Models/RockCrystal-.OBJ
  artifactKey: Guid(56464b9861c660c4e8a470493b94e4dc) Importer(815301076,1909f56bfc062723c751e8b465ee728b)
Start importing Assets/Environments/Crystal_Mine/Models/RockCrystal-.OBJ using Guid(56464b9861c660c4e8a470493b94e4dc) Importer(815301076,1909f56bfc062723c751e8b465ee728b)  -> (artifact id: '6c9c9266bb6e0c25470e0d5bed911132') in 0.040785 seconds
  Import took 0.047618 seconds .

========================================================================
Received Import Request.
  Time since last request: 0.000268 seconds.
  path: Assets/Environments/Crystal_Mine/Models/doubleWall_lp.OBJ
  artifactKey: Guid(0063b264b4b58ea48adcb47ea139ee09) Importer(815301076,1909f56bfc062723c751e8b465ee728b)
Start importing Assets/Environments/Crystal_Mine/Models/doubleWall_lp.OBJ using Guid(0063b264b4b58ea48adcb47ea139ee09) Importer(815301076,1909f56bfc062723c751e8b465ee728b)  -> (artifact id: '367b0f74250e96187567371e7cb31aef') in 0.041451 seconds
  Import took 0.047193 seconds .

========================================================================
Received Import Request.
  Time since last request: 0.000293 seconds.
  path: Assets/Environments/Crystal_Mine/Models/MetalBarrierlp.obj
  artifactKey: Guid(c0553108f1faf41448bd6e20eb325fac) Importer(815301076,1909f56bfc062723c751e8b465ee728b)
Start importing Assets/Environments/Crystal_Mine/Models/MetalBarrierlp.obj using Guid(c0553108f1faf41448bd6e20eb325fac) Importer(815301076,1909f56bfc062723c751e8b465ee728b)  -> (artifact id: '3d692a33c014f2d98e4f14c44208c34b') in 0.036503 seconds
  Import took 0.043323 seconds .

========================================================================
Received Import Request.
  Time since last request: 0.000358 seconds.
  path: Assets/Environments/Crystal_Mine/Models/pickax.obj
  artifactKey: Guid(db82dfa1d612606418aa4118a218dd0d) Importer(815301076,1909f56bfc062723c751e8b465ee728b)
Start importing Assets/Environments/Crystal_Mine/Models/pickax.obj using Guid(db82dfa1d612606418aa4118a218dd0d) Importer(815301076,1909f56bfc062723c751e8b465ee728b)  -> (artifact id: 'ee491bb29cd3be0e5ddc92aae0918073') in 0.052545 seconds
  Import took 0.061180 seconds .

========================================================================
Received Import Request.
  Time since last request: 0.000347 seconds.
  path: Assets/Environments/Crystal_Mine/Models/Wall1_Coll.obj
  artifactKey: Guid(f3710113d9cdb2849bd58717759c34bd) Importer(815301076,1909f56bfc062723c751e8b465ee728b)
Start importing Assets/Environments/Crystal_Mine/Models/Wall1_Coll.obj using Guid(f3710113d9cdb2849bd58717759c34bd) Importer(815301076,1909f56bfc062723c751e8b465ee728b)  -> (artifact id: '9a8f5bdb708809afb1c26eca24300dd7') in 0.037157 seconds
  Import took 0.044499 seconds .

========================================================================
Received Import Request.
  Time since last request: 0.000323 seconds.
  path: Assets/Environments/Crystal_Mine/Models/WallLP 2.OBJ
  artifactKey: Guid(67215ef37a433f249b728a17c3434be9) Importer(815301076,1909f56bfc062723c751e8b465ee728b)
Start importing Assets/Environments/Crystal_Mine/Models/WallLP 2.OBJ using Guid(67215ef37a433f249b728a17c3434be9) Importer(815301076,1909f56bfc062723c751e8b465ee728b)  -> (artifact id: 'd388bf5db4fea2c6f0ed6d2ad17ca8ad') in 0.038207 seconds
  Import took 0.045134 seconds .

========================================================================
Received Import Request.
  Time since last request: 0.000415 seconds.
  path: Assets/Environments/Crystal_Mine/Models/Crystal.OBJ
  artifactKey: Guid(26f07fb2e712386478d402c9c85df04b) Importer(815301076,1909f56bfc062723c751e8b465ee728b)
Start importing Assets/Environments/Crystal_Mine/Models/Crystal.OBJ using Guid(26f07fb2e712386478d402c9c85df04b) Importer(815301076,1909f56bfc062723c751e8b465ee728b)  -> (artifact id: '680e862bf425aa12e22c3d610b849fb3') in 0.039028 seconds
  Import took 0.046573 seconds .

========================================================================
Received Import Request.
  Time since last request: 0.000261 seconds.
  path: Assets/Environments/Crystal_Mine/Models/CrystalCluster.OBJ
  artifactKey: Guid(e700dc48f46111e4bbcefdc202e56ec6) Importer(815301076,1909f56bfc062723c751e8b465ee728b)
Start importing Assets/Environments/Crystal_Mine/Models/CrystalCluster.OBJ using Guid(e700dc48f46111e4bbcefdc202e56ec6) Importer(815301076,1909f56bfc062723c751e8b465ee728b)  -> (artifact id: '4599b6da49f313230832faac9a1df9e9') in 0.036635 seconds
  Import took 0.045286 seconds .

========================================================================
Received Import Request.
  Time since last request: 0.000492 seconds.
  path: Assets/Environments/Crystal_Mine/Models/LaternGlassLP.obj
  artifactKey: Guid(6f9cedd1ca605b04e8de2628528e148c) Importer(815301076,1909f56bfc062723c751e8b465ee728b)
Start importing Assets/Environments/Crystal_Mine/Models/LaternGlassLP.obj using Guid(6f9cedd1ca605b04e8de2628528e148c) Importer(815301076,1909f56bfc062723c751e8b465ee728b)  -> (artifact id: 'd341fa37a6dc971d06c3b0b9aad265a3') in 0.044559 seconds
  Import took 0.051086 seconds .

========================================================================
Received Import Request.
  Time since last request: 0.000351 seconds.
  path: Assets/Environments/Crystal_Mine/Models/woodenWall_2.obj
  artifactKey: Guid(b3071b8a308cbe445b4949420e22bf97) Importer(815301076,1909f56bfc062723c751e8b465ee728b)
Start importing Assets/Environments/Crystal_Mine/Models/woodenWall_2.obj using Guid(b3071b8a308cbe445b4949420e22bf97) Importer(815301076,1909f56bfc062723c751e8b465ee728b)  -> (artifact id: '668b03909e9a049e7ccaee284d27ec3f') in 0.039618 seconds
  Import took 0.045640 seconds .

========================================================================
Received Import Request.
  Time since last request: 0.000308 seconds.
  path: Assets/Environments/Crystal_Mine/Models/LaternMisc.obj
  artifactKey: Guid(58a7e9a731477064481218f3844b903a) Importer(815301076,1909f56bfc062723c751e8b465ee728b)
Start importing Assets/Environments/Crystal_Mine/Models/LaternMisc.obj using Guid(58a7e9a731477064481218f3844b903a) Importer(815301076,1909f56bfc062723c751e8b465ee728b)  -> (artifact id: '9055ba10b0f283aa8bce217e5ce169f7') in 0.055381 seconds
  Import took 0.062637 seconds .

========================================================================
Received Import Request.
  Time since last request: 0.000382 seconds.
  path: Assets/Environments/Crystal_Mine/Models/Rock1LP.OBJ
  artifactKey: Guid(d044ed3933e7afb4fae7ece47177a1fc) Importer(815301076,1909f56bfc062723c751e8b465ee728b)
Start importing Assets/Environments/Crystal_Mine/Models/Rock1LP.OBJ using Guid(d044ed3933e7afb4fae7ece47177a1fc) Importer(815301076,1909f56bfc062723c751e8b465ee728b)  -> (artifact id: '2a5cf3b8b22f92f44340b70b76ff2452') in 0.037977 seconds
  Import took 0.044425 seconds .

========================================================================
Received Import Request.
  Time since last request: 0.000288 seconds.
  path: Assets/Environments/Crystal_Mine/Models/Latern.obj
  artifactKey: Guid(4e8a7fe3d168eac40907cd24041d152d) Importer(815301076,1909f56bfc062723c751e8b465ee728b)
Start importing Assets/Environments/Crystal_Mine/Models/Latern.obj using Guid(4e8a7fe3d168eac40907cd24041d152d) Importer(815301076,1909f56bfc062723c751e8b465ee728b)  -> (artifact id: 'e5da5a625108acd937f8df44d52e9652') in 0.036394 seconds
  Import took 0.043750 seconds .

========================================================================
Received Import Request.
  Time since last request: 0.000269 seconds.
  path: Assets/Environments/Crystal_Mine/Models/WoodenWalllp.OBJ
  artifactKey: Guid(2c2309614573a794fa57ae284eef30c5) Importer(815301076,1909f56bfc062723c751e8b465ee728b)
Start importing Assets/Environments/Crystal_Mine/Models/WoodenWalllp.OBJ using Guid(2c2309614573a794fa57ae284eef30c5) Importer(815301076,1909f56bfc062723c751e8b465ee728b)  -> (artifact id: 'aec8d1eb6c1bb1957a401300db7861a7') in 0.043399 seconds
  Import took 0.049374 seconds .

========================================================================
Received Import Request.
  Time since last request: 0.000293 seconds.
  path: Assets/Environments/Crystal_Mine/Models/Wall2_LP.OBJ
  artifactKey: Guid(f325258a1ada7e54db09518827882081) Importer(815301076,1909f56bfc062723c751e8b465ee728b)
Start importing Assets/Environments/Crystal_Mine/Models/Wall2_LP.OBJ using Guid(f325258a1ada7e54db09518827882081) Importer(815301076,1909f56bfc062723c751e8b465ee728b)  -> (artifact id: 'e367da28de6340c8a9ca8081018a9b37') in 0.044369 seconds
  Import took 0.051759 seconds .

========================================================================
Received Import Request.
  Time since last request: 0.000323 seconds.
  path: Assets/Environments/Crystal_Mine/Models/WoodenBeams 1.obj
  artifactKey: Guid(29c94f67430db2749a8a4c226c22e31f) Importer(815301076,1909f56bfc062723c751e8b465ee728b)
Start importing Assets/Environments/Crystal_Mine/Models/WoodenBeams 1.obj using Guid(29c94f67430db2749a8a4c226c22e31f) Importer(815301076,1909f56bfc062723c751e8b465ee728b)  -> (artifact id: '7354d196d2db31874e1800611413a67e') in 0.064589 seconds
  Import took 0.072628 seconds .

========================================================================
Received Import Request.
  Time since last request: 0.000276 seconds.
  path: Assets/Environments/Crystal_Mine/Models/Wall2_Coll.obj
  artifactKey: Guid(c70a4d7b13bb57b4c89df9c802b45af7) Importer(815301076,1909f56bfc062723c751e8b465ee728b)
Start importing Assets/Environments/Crystal_Mine/Models/Wall2_Coll.obj using Guid(c70a4d7b13bb57b4c89df9c802b45af7) Importer(815301076,1909f56bfc062723c751e8b465ee728b)  -> (artifact id: '8c73e238396730cefcfac94413b9cbea') in 0.034415 seconds
  Import took 0.042756 seconds .

========================================================================
Received Import Request.
  Time since last request: 0.000313 seconds.
  path: Assets/Environments/Crystal_Mine/Models/WoodBox_2.obj
  artifactKey: Guid(1913198d9a64e48488443b278fdd92d0) Importer(815301076,1909f56bfc062723c751e8b465ee728b)
Start importing Assets/Environments/Crystal_Mine/Models/WoodBox_2.obj using Guid(1913198d9a64e48488443b278fdd92d0) Importer(815301076,1909f56bfc062723c751e8b465ee728b)  -> (artifact id: 'ec2806ce2d806e554784b05a522e673c') in 0.035985 seconds
  Import took 0.042739 seconds .

========================================================================
Received Import Request.
  Time since last request: 0.004894 seconds.
  path: Assets/Environments/Crystal_Mine/Models/WoodBox_2.obj
  artifactKey: Guid(1913198d9a64e48488443b278fdd92d0) Importer(815301076,1909f56bfc062723c751e8b465ee728b)
Start importing Assets/Environments/Crystal_Mine/Models/WoodBox_2.obj using Guid(1913198d9a64e48488443b278fdd92d0) Importer(815301076,1909f56bfc062723c751e8b465ee728b)  -> (artifact id: 'ec2806ce2d806e554784b05a522e673c') in 0.028571 seconds
  Import took 0.035768 seconds .

========================================================================
Received Import Request.
  Time since last request: 401.515756 seconds.
  path: Assets/Environments/Crystal_Mine/Prefabs/Wall.prefab
  artifactKey: Guid(70867f9cb0098e24ab5de752035d401f) Importer(815301076,1909f56bfc062723c751e8b465ee728b)
Start importing Assets/Environments/Crystal_Mine/Prefabs/Wall.prefab using Guid(70867f9cb0098e24ab5de752035d401f) Importer(815301076,1909f56bfc062723c751e8b465ee728b)  -> (artifact id: '0dace986e1b3e9954db67d0e35133730') in 0.056215 seconds
  Import took 0.064264 seconds .

========================================================================
Received Import Request.
  Time since last request: 1.691352 seconds.
  path: Assets/Environments/Crystal_Mine/Prefabs/Wall.prefab
  artifactKey: Guid(70867f9cb0098e24ab5de752035d401f) Importer(815301076,1909f56bfc062723c751e8b465ee728b)
Start importing Assets/Environments/Crystal_Mine/Prefabs/Wall.prefab using Guid(70867f9cb0098e24ab5de752035d401f) Importer(815301076,1909f56bfc062723c751e8b465ee728b)  -> (artifact id: 'ccc68a4624c7d5bc887a6604874ec240') in 0.028180 seconds
  Import took 0.037255 seconds .

========================================================================
Received Prepare
Registering precompiled user dll's ...
Registered in 0.002291 seconds.
Begin MonoManager ReloadAssembly
Native extension for WindowsStandalone target not found
Native extension for WebGL target not found
Refreshing native plugins compatible for Editor in 0.89 ms, found 1 plugins.
Preloading 0 native plugins for Editor in 0.00 ms.
Invoked RoslynAnalysisRunner static constructor.
RoslynAnalysisRunner will not be running.
RoslynAnalysisRunner has terminated.
Mono: successfully reloaded assembly
- Completed reload, in  1.065 seconds
Platform modules already initialized, skipping
Refreshing native plugins compatible for Editor in 0.87 ms, found 1 plugins.
Preloading 0 native plugins for Editor in 0.00 ms.
Unloading 3296 Unused Serialized files (Serialized files now loaded: 0)
System memory in use before: 161.5 MB.
System memory in use after: 161.7 MB.

Unloading 10 unused Assets to reduce memory usage. Loaded Objects now: 3902.
Total: 3.723500 ms (FindLiveObjects: 0.439400 ms CreateObjectMapping: 0.144600 ms MarkObjects: 2.991900 ms  DeleteObjects: 0.146400 ms)

========================================================================
Received Prepare
Registering precompiled user dll's ...
Registered in 0.002284 seconds.
Begin MonoManager ReloadAssembly
Native extension for WindowsStandalone target not found
Native extension for WebGL target not found
Refreshing native plugins compatible for Editor in 0.88 ms, found 1 plugins.
Preloading 0 native plugins for Editor in 0.00 ms.
Invoked RoslynAnalysisRunner static constructor.
RoslynAnalysisRunner will not be running.
RoslynAnalysisRunner has terminated.
Mono: successfully reloaded assembly
- Completed reload, in  1.068 seconds
Platform modules already initialized, skipping
Refreshing native plugins compatible for Editor in 1.01 ms, found 1 plugins.
Preloading 0 native plugins for Editor in 0.00 ms.
Unloading 3296 Unused Serialized files (Serialized files now loaded: 0)
System memory in use before: 161.5 MB.
System memory in use after: 161.7 MB.

Unloading 10 unused Assets to reduce memory usage. Loaded Objects now: 3906.
Total: 4.024600 ms (FindLiveObjects: 0.651800 ms CreateObjectMapping: 0.253600 ms MarkObjects: 2.969000 ms  DeleteObjects: 0.148200 ms)

========================================================================
Received Prepare
Registering precompiled user dll's ...
Registered in 0.002338 seconds.
Begin MonoManager ReloadAssembly
Native extension for WindowsStandalone target not found
Native extension for WebGL target not found
Refreshing native plugins compatible for Editor in 0.89 ms, found 1 plugins.
Preloading 0 native plugins for Editor in 0.00 ms.
Invoked RoslynAnalysisRunner static constructor.
RoslynAnalysisRunner will not be running.
RoslynAnalysisRunner has terminated.
Mono: successfully reloaded assembly
- Completed reload, in  1.045 seconds
Platform modules already initialized, skipping
Refreshing native plugins compatible for Editor in 0.88 ms, found 1 plugins.
Preloading 0 native plugins for Editor in 0.00 ms.
Unloading 3296 Unused Serialized files (Serialized files now loaded: 0)
System memory in use before: 161.5 MB.
System memory in use after: 161.7 MB.

Unloading 10 unused Assets to reduce memory usage. Loaded Objects now: 3910.
Total: 3.929100 ms (FindLiveObjects: 0.552900 ms CreateObjectMapping: 0.209900 ms MarkObjects: 3.010900 ms  DeleteObjects: 0.153300 ms)

========================================================================
Received Import Request.
  Time since last request: 2906.204040 seconds.
  path: Assets/Prefabs/Characters/Cleric.prefab
  artifactKey: Guid(043acdf9af5d5a74898d290ad179c681) Importer(815301076,1909f56bfc062723c751e8b465ee728b)
Start importing Assets/Prefabs/Characters/Cleric.prefab using Guid(043acdf9af5d5a74898d290ad179c681) Importer(815301076,1909f56bfc062723c751e8b465ee728b)  -> (artifact id: '26df367040d1e8d5e3baa3c81a45a4b1') in 0.101202 seconds
  Import took 0.110847 seconds .

========================================================================
Received Prepare
Registering precompiled user dll's ...
Registered in 0.002293 seconds.
Begin MonoManager ReloadAssembly
Native extension for WindowsStandalone target not found
Native extension for WebGL target not found
Refreshing native plugins compatible for Editor in 0.88 ms, found 1 plugins.
Preloading 0 native plugins for Editor in 0.00 ms.
Invoked RoslynAnalysisRunner static constructor.
RoslynAnalysisRunner will not be running.
RoslynAnalysisRunner has terminated.
Mono: successfully reloaded assembly
- Completed reload, in  1.049 seconds
Platform modules already initialized, skipping
Refreshing native plugins compatible for Editor in 0.90 ms, found 1 plugins.
Preloading 0 native plugins for Editor in 0.00 ms.
Unloading 3296 Unused Serialized files (Serialized files now loaded: 0)
System memory in use before: 162.0 MB.
System memory in use after: 162.2 MB.

Unloading 10 unused Assets to reduce memory usage. Loaded Objects now: 3915.
Total: 3.672800 ms (FindLiveObjects: 0.481600 ms CreateObjectMapping: 0.159600 ms MarkObjects: 2.885200 ms  DeleteObjects: 0.145000 ms)

========================================================================
Received Prepare
Registering precompiled user dll's ...
Registered in 0.002724 seconds.
Begin MonoManager ReloadAssembly
Native extension for WindowsStandalone target not found
Native extension for WebGL target not found
Refreshing native plugins compatible for Editor in 0.96 ms, found 1 plugins.
Preloading 0 native plugins for Editor in 0.00 ms.
Invoked RoslynAnalysisRunner static constructor.
RoslynAnalysisRunner will not be running.
RoslynAnalysisRunner has terminated.
Mono: successfully reloaded assembly
- Completed reload, in  1.174 seconds
Platform modules already initialized, skipping
Refreshing native plugins compatible for Editor in 0.88 ms, found 1 plugins.
Preloading 0 native plugins for Editor in 0.00 ms.
Unloading 3296 Unused Serialized files (Serialized files now loaded: 0)
System memory in use before: 162.0 MB.
System memory in use after: 162.2 MB.

Unloading 10 unused Assets to reduce memory usage. Loaded Objects now: 3919.
Total: 3.808400 ms (FindLiveObjects: 0.623200 ms CreateObjectMapping: 0.190100 ms MarkObjects: 2.839300 ms  DeleteObjects: 0.153700 ms)

========================================================================
Received Prepare
Registering precompiled user dll's ...
Registered in 0.002380 seconds.
Begin MonoManager ReloadAssembly
Native extension for WindowsStandalone target not found
Native extension for WebGL target not found
Refreshing native plugins compatible for Editor in 0.90 ms, found 1 plugins.
Preloading 0 native plugins for Editor in 0.00 ms.
Invoked RoslynAnalysisRunner static constructor.
RoslynAnalysisRunner will not be running.
RoslynAnalysisRunner has terminated.
Mono: successfully reloaded assembly
- Completed reload, in  1.029 seconds
Platform modules already initialized, skipping
Refreshing native plugins compatible for Editor in 0.87 ms, found 1 plugins.
Preloading 0 native plugins for Editor in 0.00 ms.
Unloading 3296 Unused Serialized files (Serialized files now loaded: 0)
System memory in use before: 162.1 MB.
System memory in use after: 162.3 MB.

Unloading 10 unused Assets to reduce memory usage. Loaded Objects now: 3923.
Total: 4.176300 ms (FindLiveObjects: 0.445400 ms CreateObjectMapping: 0.089000 ms MarkObjects: 3.492900 ms  DeleteObjects: 0.147400 ms)

AssetImportWorkerClient::OnTransportError - code=2 error=End of file
