Using pre-set license
Built from '2020.3/release' branch; Version is '2020.3.1f1 (77a89f25062f) revision 7841951'; Using compiler version '192528614'; Build Type 'Release'
OS: 'Windows 10 Home; OS build 19043.1288; Version 2009; 64bit' Language: 'en' Physical Memory: 7549 MB
BatchMode: 1, IsHumanControllingUs: 0, StartBugReporterOnCrash: 0, Is64bit: 1, IsPro: 0

 COMMAND LINE ARGUMENTS:
C:\Program Files\Unity\Hub\Editor\2020.3.1f1\Editor\Unity.exe
-adb2
-batchMode
-noUpm
-name
AssetImportWorker0
-projectPath
C:/Users/ranja/Desktop/Games/TDS_WithSprites
-logFile
Logs/AssetImportWorker0.log
-srvPort
61720
Successfully changed project path to: C:/Users/ranja/Desktop/Games/TDS_WithSprites
C:/Users/ranja/Desktop/Games/TDS_WithSprites
Using Asset Import Pipeline V2.
Refreshing native plugins compatible for Editor in 75.82 ms, found 1 plugins.
Preloading 0 native plugins for Editor in 0.00 ms.
Initialize engine version: 2020.3.1f1 (77a89f25062f)
[Subsystems] Discovering subsystems at path C:/Program Files/Unity/Hub/Editor/2020.3.1f1/Editor/Data/Resources/UnitySubsystems
[Subsystems] Discovering subsystems at path C:/Users/ranja/Desktop/Games/TDS_WithSprites/Assets
GfxDevice: creating device client; threaded=0
Direct3D:
    Version:  Direct3D 11.0 [level 11.1]
    Renderer: AMD Radeon(TM) Graphics (ID=0x1636)
    Vendor:   
    VRAM:     3774 MB
    Driver:   27.20.11044.4003
Initialize mono
Mono path[0] = 'C:/Program Files/Unity/Hub/Editor/2020.3.1f1/Editor/Data/Managed'
Mono path[1] = 'C:/Program Files/Unity/Hub/Editor/2020.3.1f1/Editor/Data/MonoBleedingEdge/lib/mono/unityjit'
Mono config path = 'C:/Program Files/Unity/Hub/Editor/2020.3.1f1/Editor/Data/MonoBleedingEdge/etc'
Using monoOptions --debugger-agent=transport=dt_socket,embedding=1,server=y,suspend=n,address=127.0.0.1:56948
Begin MonoManager ReloadAssembly
Registering precompiled unity dll's ...
Register platform support module: C:/Program Files/Unity/Hub/Editor/2020.3.1f1/Editor/Data/PlaybackEngines/WebGLSupport/UnityEditor.WebGL.Extensions.dll
Register platform support module: C:/Program Files/Unity/Hub/Editor/2020.3.1f1/Editor/Data/PlaybackEngines/WindowsStandaloneSupport/UnityEditor.WindowsStandalone.Extensions.dll
Registered in 0.005292 seconds.
Native extension for WindowsStandalone target not found
Native extension for WebGL target not found
Refreshing native plugins compatible for Editor in 69.46 ms, found 1 plugins.
Preloading 0 native plugins for Editor in 0.00 ms.
Invoked RoslynAnalysisRunner static constructor.
RoslynAnalysisRunner will not be running.
RoslynAnalysisRunner has terminated.
Mono: successfully reloaded assembly
- Completed reload, in  2.561 seconds
Platform modules already initialized, skipping
Registering precompiled user dll's ...
Registered in 0.005949 seconds.
Begin MonoManager ReloadAssembly
Native extension for WindowsStandalone target not found
Native extension for WebGL target not found
Refreshing native plugins compatible for Editor in 68.58 ms, found 1 plugins.
Preloading 0 native plugins for Editor in 0.00 ms.
Invoked RoslynAnalysisRunner static constructor.
RoslynAnalysisRunner will not be running.
RoslynAnalysisRunner has terminated.
Mono: successfully reloaded assembly
- Completed reload, in  1.649 seconds
Platform modules already initialized, skipping
========================================================================
Worker process is ready to serve import requests
Launched and connected shader compiler UnityShaderCompiler.exe after 0.05 seconds
Refreshing native plugins compatible for Editor in 0.90 ms, found 1 plugins.
Preloading 0 native plugins for Editor in 0.00 ms.
Unloading 3364 Unused Serialized files (Serialized files now loaded: 0)
System memory in use before: 149.0 MB.
System memory in use after: 149.2 MB.

Unloading 18 unused Assets to reduce memory usage. Loaded Objects now: 3826.
Total: 6.317500 ms (FindLiveObjects: 0.857100 ms CreateObjectMapping: 0.283100 ms MarkObjects: 4.846700 ms  DeleteObjects: 0.326700 ms)

========================================================================
Received Import Request.
  path: ProjectSettings/TagManager.asset
  artifactKey: Guid(00000000000000003000000000000000) Importer(815301076,1909f56bfc062723c751e8b465ee728b)
Start importing ProjectSettings/TagManager.asset using Guid(00000000000000003000000000000000) Importer(815301076,1909f56bfc062723c751e8b465ee728b)  -> (artifact id: '5fc2e0a8f185ba92c5cd9f53e76bb302') in 0.041659 seconds
  Import took 0.050937 seconds .

========================================================================
Received Import Request.
  Time since last request: 207.255797 seconds.
  path: Assets/Scenes/Test_Profiles/Post Processing Profile.asset
  artifactKey: Guid(f9daa890e4b546f4f95dec0696bb4a98) Importer(815301076,1909f56bfc062723c751e8b465ee728b)
Start importing Assets/Scenes/Test_Profiles/Post Processing Profile.asset using Guid(f9daa890e4b546f4f95dec0696bb4a98) Importer(815301076,1909f56bfc062723c751e8b465ee728b)  -> (artifact id: 'df921d954a1a981dfcf7254bb38c3651') in 0.039052 seconds
  Import took 0.047862 seconds .

========================================================================
Received Import Request.
  Time since last request: 0.003890 seconds.
  path: Assets/Scenes/Test_Profiles/Post Processing Profile.asset
  artifactKey: Guid(f9daa890e4b546f4f95dec0696bb4a98) Importer(815301076,1909f56bfc062723c751e8b465ee728b)
Start importing Assets/Scenes/Test_Profiles/Post Processing Profile.asset using Guid(f9daa890e4b546f4f95dec0696bb4a98) Importer(815301076,1909f56bfc062723c751e8b465ee728b)  -> (artifact id: 'df921d954a1a981dfcf7254bb38c3651') in 0.004419 seconds
  Import took 0.011687 seconds .

========================================================================
Received Prepare
Registering precompiled user dll's ...
Registered in 0.003252 seconds.
Begin MonoManager ReloadAssembly
Native extension for WindowsStandalone target not found
Native extension for WebGL target not found
Refreshing native plugins compatible for Editor in 1.07 ms, found 1 plugins.
Preloading 0 native plugins for Editor in 0.00 ms.
Invoked RoslynAnalysisRunner static constructor.
RoslynAnalysisRunner will not be running.
RoslynAnalysisRunner has terminated.
Mono: successfully reloaded assembly
- Completed reload, in  1.193 seconds
Platform modules already initialized, skipping
Refreshing native plugins compatible for Editor in 0.88 ms, found 1 plugins.
Preloading 0 native plugins for Editor in 0.00 ms.
Unloading 3296 Unused Serialized files (Serialized files now loaded: 0)
System memory in use before: 144.1 MB.
System memory in use after: 144.3 MB.

Unloading 11 unused Assets to reduce memory usage. Loaded Objects now: 3830.
Total: 3.559900 ms (FindLiveObjects: 0.647700 ms CreateObjectMapping: 0.207400 ms MarkObjects: 2.552700 ms  DeleteObjects: 0.149400 ms)

========================================================================
Received Prepare
Registering precompiled user dll's ...
Registered in 0.002872 seconds.
Begin MonoManager ReloadAssembly
Native extension for WindowsStandalone target not found
Native extension for WebGL target not found
Refreshing native plugins compatible for Editor in 0.91 ms, found 1 plugins.
Preloading 0 native plugins for Editor in 0.00 ms.
Invoked RoslynAnalysisRunner static constructor.
RoslynAnalysisRunner will not be running.
RoslynAnalysisRunner has terminated.
Mono: successfully reloaded assembly
- Completed reload, in  1.055 seconds
Platform modules already initialized, skipping
Refreshing native plugins compatible for Editor in 0.90 ms, found 1 plugins.
Preloading 0 native plugins for Editor in 0.00 ms.
Unloading 3296 Unused Serialized files (Serialized files now loaded: 0)
System memory in use before: 144.1 MB.
System memory in use after: 144.3 MB.

Unloading 10 unused Assets to reduce memory usage. Loaded Objects now: 3834.
Total: 5.366000 ms (FindLiveObjects: 0.626200 ms CreateObjectMapping: 0.251400 ms MarkObjects: 4.239800 ms  DeleteObjects: 0.246400 ms)

========================================================================
Received Import Request.
  Time since last request: 369.764920 seconds.
  path: Assets/Scenes/Test_Profiles/Post Processing Profile.asset
  artifactKey: Guid(f9daa890e4b546f4f95dec0696bb4a98) Importer(815301076,1909f56bfc062723c751e8b465ee728b)
Start importing Assets/Scenes/Test_Profiles/Post Processing Profile.asset using Guid(f9daa890e4b546f4f95dec0696bb4a98) Importer(815301076,1909f56bfc062723c751e8b465ee728b)  -> (artifact id: '7aeab4f0c47927be2cbb216fa317f4e3') in 0.031337 seconds
  Import took 0.039515 seconds .

========================================================================
Received Import Request.
  Time since last request: 194.674946 seconds.
  path: Assets/Scenes/Test_Profiles/Post Processing Profile.asset
  artifactKey: Guid(f9daa890e4b546f4f95dec0696bb4a98) Importer(815301076,1909f56bfc062723c751e8b465ee728b)
Start importing Assets/Scenes/Test_Profiles/Post Processing Profile.asset using Guid(f9daa890e4b546f4f95dec0696bb4a98) Importer(815301076,1909f56bfc062723c751e8b465ee728b)  -> (artifact id: 'e572ef5971ec3c6fb77eb2f1a6b2dbe2') in 0.005624 seconds
  Import took 0.012882 seconds .

========================================================================
Received Import Request.
  Time since last request: 99.354389 seconds.
  path: Assets/Scenes/Test_Profiles/Post Processing Profile.asset
  artifactKey: Guid(f9daa890e4b546f4f95dec0696bb4a98) Importer(815301076,1909f56bfc062723c751e8b465ee728b)
Start importing Assets/Scenes/Test_Profiles/Post Processing Profile.asset using Guid(f9daa890e4b546f4f95dec0696bb4a98) Importer(815301076,1909f56bfc062723c751e8b465ee728b)  -> (artifact id: '187b86b6069c333b7baed8c68845e31b') in 0.004164 seconds
  Import took 0.012372 seconds .

========================================================================
Received Prepare
Registering precompiled user dll's ...
Registered in 0.003277 seconds.
Begin MonoManager ReloadAssembly
Native extension for WindowsStandalone target not found
Native extension for WebGL target not found
Refreshing native plugins compatible for Editor in 0.90 ms, found 1 plugins.
Preloading 0 native plugins for Editor in 0.00 ms.
Invoked RoslynAnalysisRunner static constructor.
RoslynAnalysisRunner will not be running.
RoslynAnalysisRunner has terminated.
Mono: successfully reloaded assembly
- Completed reload, in  1.154 seconds
Platform modules already initialized, skipping
Refreshing native plugins compatible for Editor in 0.92 ms, found 1 plugins.
Preloading 0 native plugins for Editor in 0.00 ms.
Unloading 3296 Unused Serialized files (Serialized files now loaded: 0)
System memory in use before: 144.2 MB.
System memory in use after: 144.4 MB.

Unloading 10 unused Assets to reduce memory usage. Loaded Objects now: 3838.
Total: 4.265400 ms (FindLiveObjects: 0.418900 ms CreateObjectMapping: 0.092400 ms MarkObjects: 3.596600 ms  DeleteObjects: 0.155800 ms)

========================================================================
Received Import Request.
  Time since last request: 299.084349 seconds.
  path: Assets/Scenes/Test_Profiles/Post Processing Profile.asset
  artifactKey: Guid(f9daa890e4b546f4f95dec0696bb4a98) Importer(815301076,1909f56bfc062723c751e8b465ee728b)
Start importing Assets/Scenes/Test_Profiles/Post Processing Profile.asset using Guid(f9daa890e4b546f4f95dec0696bb4a98) Importer(815301076,1909f56bfc062723c751e8b465ee728b)  -> (artifact id: '97c63b03b4dd8619faa6f1d5abf72036') in 0.050127 seconds
  Import took 0.059539 seconds .

========================================================================
Received Prepare
Registering precompiled user dll's ...
Registered in 0.002478 seconds.
Begin MonoManager ReloadAssembly
Native extension for WindowsStandalone target not found
Native extension for WebGL target not found
Refreshing native plugins compatible for Editor in 0.90 ms, found 1 plugins.
Preloading 0 native plugins for Editor in 0.00 ms.
Invoked RoslynAnalysisRunner static constructor.
RoslynAnalysisRunner will not be running.
RoslynAnalysisRunner has terminated.
Mono: successfully reloaded assembly
- Completed reload, in  1.046 seconds
Platform modules already initialized, skipping
Refreshing native plugins compatible for Editor in 0.90 ms, found 1 plugins.
Preloading 0 native plugins for Editor in 0.00 ms.
Unloading 3296 Unused Serialized files (Serialized files now loaded: 0)
System memory in use before: 144.2 MB.
System memory in use after: 144.4 MB.

Unloading 10 unused Assets to reduce memory usage. Loaded Objects now: 3842.
Total: 3.513800 ms (FindLiveObjects: 0.609200 ms CreateObjectMapping: 0.233600 ms MarkObjects: 2.517200 ms  DeleteObjects: 0.151600 ms)

========================================================================
Received Prepare
Registering precompiled user dll's ...
Registered in 0.003474 seconds.
Begin MonoManager ReloadAssembly
Native extension for WindowsStandalone target not found
Native extension for WebGL target not found
Refreshing native plugins compatible for Editor in 1.78 ms, found 1 plugins.
Preloading 0 native plugins for Editor in 0.00 ms.
Invoked RoslynAnalysisRunner static constructor.
RoslynAnalysisRunner will not be running.
RoslynAnalysisRunner has terminated.
Mono: successfully reloaded assembly
- Completed reload, in  1.403 seconds
Platform modules already initialized, skipping
Refreshing native plugins compatible for Editor in 1.74 ms, found 1 plugins.
Preloading 0 native plugins for Editor in 0.00 ms.
Unloading 3296 Unused Serialized files (Serialized files now loaded: 0)
System memory in use before: 144.2 MB.
System memory in use after: 144.4 MB.

Unloading 10 unused Assets to reduce memory usage. Loaded Objects now: 3846.
Total: 7.422600 ms (FindLiveObjects: 1.167200 ms CreateObjectMapping: 0.366900 ms MarkObjects: 5.702400 ms  DeleteObjects: 0.183600 ms)

========================================================================
Received Import Request.
  Time since last request: 529.174829 seconds.
  path: Assets/Scenes/Test_Profiles/Post Processing Profile.asset
  artifactKey: Guid(f9daa890e4b546f4f95dec0696bb4a98) Importer(815301076,1909f56bfc062723c751e8b465ee728b)
Start importing Assets/Scenes/Test_Profiles/Post Processing Profile.asset using Guid(f9daa890e4b546f4f95dec0696bb4a98) Importer(815301076,1909f56bfc062723c751e8b465ee728b)  -> (artifact id: '5b445f7b53f81c6934ac228d90a8969e') in 0.039612 seconds
  Import took 0.048420 seconds .

========================================================================
Received Import Request.
  Time since last request: 335.968261 seconds.
  path: Assets/Scenes/DemoLevel/LightingData.asset
  artifactKey: Guid(05bcdf53522752b4d89438bc05939aef) Importer(815301076,1909f56bfc062723c751e8b465ee728b)
Start importing Assets/Scenes/DemoLevel/LightingData.asset using Guid(05bcdf53522752b4d89438bc05939aef) Importer(815301076,1909f56bfc062723c751e8b465ee728b)  -> (artifact id: 'ad077610a9c12ee278614c3cd91927ff') in 0.017378 seconds
  Import took 0.024886 seconds .

========================================================================
Received Import Request.
  Time since last request: 0.000409 seconds.
  path: Assets/Scenes/DemoLevel/ReflectionProbe-0.exr
  artifactKey: Guid(0fc59457f21cd6448beebf472818eae9) Importer(815301076,1909f56bfc062723c751e8b465ee728b)
Start importing Assets/Scenes/DemoLevel/ReflectionProbe-0.exr using Guid(0fc59457f21cd6448beebf472818eae9) Importer(815301076,1909f56bfc062723c751e8b465ee728b)  -> (artifact id: 'e1a36ad1090fb1fa785d3b1a62aab191') in 0.111026 seconds
  Import took 0.118553 seconds .

========================================================================
Received Import Request.
  Time since last request: 0.000308 seconds.
  path: Assets/Scenes/DemoLevel/NavMesh.asset
  artifactKey: Guid(33eb08cf81e31df428b315c5ea0396ef) Importer(815301076,1909f56bfc062723c751e8b465ee728b)
Start importing Assets/Scenes/DemoLevel/NavMesh.asset using Guid(33eb08cf81e31df428b315c5ea0396ef) Importer(815301076,1909f56bfc062723c751e8b465ee728b)  -> (artifact id: 'd0f1b4fcea862a72725483b275032fcd') in 0.018156 seconds
  Import took 0.025463 seconds .

========================================================================
Received Import Request.
  Time since last request: 2.470921 seconds.
  path: Assets/Scenes/Test.unity
  artifactKey: Guid(9fc0d4010bbf28b4594072e72b8655ab) Importer(815301076,1909f56bfc062723c751e8b465ee728b)
Start importing Assets/Scenes/Test.unity using Guid(9fc0d4010bbf28b4594072e72b8655ab) Importer(815301076,1909f56bfc062723c751e8b465ee728b)  -> (artifact id: '224d9afca2d1b64cb1ac6cd5b81f3d82') in 0.011446 seconds
  Import took 0.019581 seconds .

========================================================================
Received Import Request.
  Time since last request: 14.593815 seconds.
  path: Assets/Scenes/DemoLevel.unity
  artifactKey: Guid(1441f000e274fdc4b80149a9896ddd93) Importer(815301076,1909f56bfc062723c751e8b465ee728b)
Start importing Assets/Scenes/DemoLevel.unity using Guid(1441f000e274fdc4b80149a9896ddd93) Importer(815301076,1909f56bfc062723c751e8b465ee728b)  -> (artifact id: '4bc2e74d9ebbd0c247bbf6e8178c2614') in 0.013046 seconds
  Import took 0.020076 seconds .

========================================================================
Received Import Request.
  Time since last request: 71.585537 seconds.
  path: Assets/Prefabs/Player Stuff/Essentials/Main Camera.prefab
  artifactKey: Guid(a8daf38a251178d45aa7cbef27baf004) Importer(815301076,1909f56bfc062723c751e8b465ee728b)
Start importing Assets/Prefabs/Player Stuff/Essentials/Main Camera.prefab using Guid(a8daf38a251178d45aa7cbef27baf004) Importer(815301076,1909f56bfc062723c751e8b465ee728b)  -> (artifact id: 'a90ab29ec8c513845a09ca7aad67fe20') in 0.021437 seconds
  Import took 0.030108 seconds .

========================================================================
Received Import Request.
  Time since last request: 9.353142 seconds.
  path: Assets/Prefabs/Player Stuff/Essentials/Main Camera.prefab
  artifactKey: Guid(a8daf38a251178d45aa7cbef27baf004) Importer(815301076,1909f56bfc062723c751e8b465ee728b)
Start importing Assets/Prefabs/Player Stuff/Essentials/Main Camera.prefab using Guid(a8daf38a251178d45aa7cbef27baf004) Importer(815301076,1909f56bfc062723c751e8b465ee728b)  -> (artifact id: '91f9f658f3beddf63eec04db99e0eb71') in 0.094203 seconds
  Import took 0.102994 seconds .

========================================================================
Received Import Request.
  Time since last request: 6.996998 seconds.
  path: Assets/Prefabs/Player Stuff/Essentials/Main Camera.prefab
  artifactKey: Guid(a8daf38a251178d45aa7cbef27baf004) Importer(815301076,1909f56bfc062723c751e8b465ee728b)
Start importing Assets/Prefabs/Player Stuff/Essentials/Main Camera.prefab using Guid(a8daf38a251178d45aa7cbef27baf004) Importer(815301076,1909f56bfc062723c751e8b465ee728b)  -> (artifact id: '5ec903937f787322ba6b702e2fe2b24f') in 0.032314 seconds
  Import took 0.043034 seconds .

========================================================================
Received Import Request.
  Time since last request: 0.007756 seconds.
  path: Assets/Prefabs/Player Stuff/Essentials/Main Camera.prefab
  artifactKey: Guid(a8daf38a251178d45aa7cbef27baf004) Importer(815301076,1909f56bfc062723c751e8b465ee728b)
Start importing Assets/Prefabs/Player Stuff/Essentials/Main Camera.prefab using Guid(a8daf38a251178d45aa7cbef27baf004) Importer(815301076,1909f56bfc062723c751e8b465ee728b)  -> (artifact id: '5ec903937f787322ba6b702e2fe2b24f') in 0.027618 seconds
  Import took 0.037050 seconds .

========================================================================
Received Import Request.
  Time since last request: 1.557209 seconds.
  path: Assets/Prefabs/Player Stuff/Essentials/Main Camera.prefab
  artifactKey: Guid(a8daf38a251178d45aa7cbef27baf004) Importer(815301076,1909f56bfc062723c751e8b465ee728b)
Start importing Assets/Prefabs/Player Stuff/Essentials/Main Camera.prefab using Guid(a8daf38a251178d45aa7cbef27baf004) Importer(815301076,1909f56bfc062723c751e8b465ee728b)  -> (artifact id: '28d9af1a2d9c612ecee31cca271c0c62') in 0.026545 seconds
  Import took 0.037093 seconds .

========================================================================
Received Import Request.
  Time since last request: 69.829777 seconds.
  path: Assets/Prefabs/Player Stuff/Essentials/Main Camera.prefab
  artifactKey: Guid(a8daf38a251178d45aa7cbef27baf004) Importer(815301076,1909f56bfc062723c751e8b465ee728b)
Start importing Assets/Prefabs/Player Stuff/Essentials/Main Camera.prefab using Guid(a8daf38a251178d45aa7cbef27baf004) Importer(815301076,1909f56bfc062723c751e8b465ee728b)  -> (artifact id: '3da0e893b4edbb9e2c367870a2481ba7') in 0.031781 seconds
  Import took 0.052880 seconds .

========================================================================
Received Import Request.
  Time since last request: 7.041177 seconds.
  path: Assets/Scenes/MineLevel.unity
  artifactKey: Guid(ffd1413d4791c9b4396b061f4d15bc74) Importer(815301076,1909f56bfc062723c751e8b465ee728b)
Start importing Assets/Scenes/MineLevel.unity using Guid(ffd1413d4791c9b4396b061f4d15bc74) Importer(815301076,1909f56bfc062723c751e8b465ee728b)  -> (artifact id: '785d7c0ee807a1540b296a4a61a57dd7') in 0.011723 seconds
  Import took 0.019354 seconds .

========================================================================
Received Import Request.
  Time since last request: 69.051487 seconds.
  path: Assets/Scenes/DemoLevel.unity
  artifactKey: Guid(1441f000e274fdc4b80149a9896ddd93) Importer(815301076,1909f56bfc062723c751e8b465ee728b)
Start importing Assets/Scenes/DemoLevel.unity using Guid(1441f000e274fdc4b80149a9896ddd93) Importer(815301076,1909f56bfc062723c751e8b465ee728b)  -> (artifact id: '54d9197e4aefc70602cf6c43bcdb6b02') in 0.004641 seconds
  Import took 0.013887 seconds .

========================================================================
Received Import Request.
  Time since last request: 0.000354 seconds.
  path: Assets/Scenes/DemoLevel.unity
  artifactKey: Guid(1441f000e274fdc4b80149a9896ddd93) Importer(815301076,1909f56bfc062723c751e8b465ee728b)
Start importing Assets/Scenes/DemoLevel.unity using Guid(1441f000e274fdc4b80149a9896ddd93) Importer(815301076,1909f56bfc062723c751e8b465ee728b)  -> (artifact id: '54d9197e4aefc70602cf6c43bcdb6b02') in 0.003880 seconds
  Import took 0.010322 seconds .

========================================================================
Received Prepare
Registering precompiled user dll's ...
Registered in 0.002399 seconds.
Begin MonoManager ReloadAssembly
Native extension for WindowsStandalone target not found
Native extension for WebGL target not found
Refreshing native plugins compatible for Editor in 0.90 ms, found 1 plugins.
Preloading 0 native plugins for Editor in 0.00 ms.
Invoked RoslynAnalysisRunner static constructor.
RoslynAnalysisRunner will not be running.
RoslynAnalysisRunner has terminated.
Mono: successfully reloaded assembly
- Completed reload, in  1.034 seconds
Platform modules already initialized, skipping
Refreshing native plugins compatible for Editor in 0.87 ms, found 1 plugins.
Preloading 0 native plugins for Editor in 0.00 ms.
Unloading 3296 Unused Serialized files (Serialized files now loaded: 0)
System memory in use before: 147.6 MB.
System memory in use after: 147.8 MB.

Unloading 10 unused Assets to reduce memory usage. Loaded Objects now: 3882.
Total: 3.915800 ms (FindLiveObjects: 0.636200 ms CreateObjectMapping: 0.232100 ms MarkObjects: 2.894300 ms  DeleteObjects: 0.151400 ms)

========================================================================
Received Prepare
Registering precompiled user dll's ...
Registered in 0.002286 seconds.
Begin MonoManager ReloadAssembly
Native extension for WindowsStandalone target not found
Native extension for WebGL target not found
Refreshing native plugins compatible for Editor in 0.89 ms, found 1 plugins.
Preloading 0 native plugins for Editor in 0.00 ms.
Invoked RoslynAnalysisRunner static constructor.
RoslynAnalysisRunner will not be running.
RoslynAnalysisRunner has terminated.
Mono: successfully reloaded assembly
- Completed reload, in  1.032 seconds
Platform modules already initialized, skipping
Refreshing native plugins compatible for Editor in 1.21 ms, found 1 plugins.
Preloading 0 native plugins for Editor in 0.00 ms.
Unloading 3296 Unused Serialized files (Serialized files now loaded: 0)
System memory in use before: 147.6 MB.
System memory in use after: 147.8 MB.

Unloading 10 unused Assets to reduce memory usage. Loaded Objects now: 3886.
Total: 4.085700 ms (FindLiveObjects: 0.494500 ms CreateObjectMapping: 0.173000 ms MarkObjects: 3.274000 ms  DeleteObjects: 0.141700 ms)

========================================================================
Received Prepare
Registering precompiled user dll's ...
Registered in 0.002310 seconds.
Begin MonoManager ReloadAssembly
Native extension for WindowsStandalone target not found
Native extension for WebGL target not found
Refreshing native plugins compatible for Editor in 0.88 ms, found 1 plugins.
Preloading 0 native plugins for Editor in 0.00 ms.
Invoked RoslynAnalysisRunner static constructor.
RoslynAnalysisRunner will not be running.
RoslynAnalysisRunner has terminated.
Mono: successfully reloaded assembly
- Completed reload, in  1.011 seconds
Platform modules already initialized, skipping
Refreshing native plugins compatible for Editor in 0.88 ms, found 1 plugins.
Preloading 0 native plugins for Editor in 0.00 ms.
Unloading 3296 Unused Serialized files (Serialized files now loaded: 0)
System memory in use before: 147.6 MB.
System memory in use after: 147.8 MB.

Unloading 10 unused Assets to reduce memory usage. Loaded Objects now: 3890.
Total: 4.301600 ms (FindLiveObjects: 0.674100 ms CreateObjectMapping: 0.105300 ms MarkObjects: 3.368600 ms  DeleteObjects: 0.152600 ms)

========================================================================
Received Import Request.
  Time since last request: 624.683207 seconds.
  path: Assets/Scenes/MineLevel.unity
  artifactKey: Guid(ffd1413d4791c9b4396b061f4d15bc74) Importer(815301076,1909f56bfc062723c751e8b465ee728b)
Start importing Assets/Scenes/MineLevel.unity using Guid(ffd1413d4791c9b4396b061f4d15bc74) Importer(815301076,1909f56bfc062723c751e8b465ee728b)  -> (artifact id: '32a7159432051e3f623babc9202e3e06') in 0.016798 seconds
  Import took 0.035168 seconds .

AssetImportWorkerClient::OnTransportError - code=2 error=End of file
